<?xml version="1.0" encoding="UTF-8"?>
<testng-results ignored="0" total="3" passed="3" failed="0" skipped="0">
  <reporter-output>
  </reporter-output>
  <suite started-at="2024-04-01T22:10:23 CDT" name="Suite" finished-at="2024-04-01T22:11:04 CDT" duration-ms="40220">
    <groups>
    </groups>
    <test started-at="2024-04-01T22:10:23 CDT" name="Test" finished-at="2024-04-01T22:11:04 CDT" duration-ms="40220">
      <class name="grid.Setup_DockerGrid">
        <test-method is-config="true" signature="startDockerGrid()[pri:0, instance:grid.Setup_DockerGrid@5a08b084]" started-at="2024-04-01T22:10:23 CDT" name="startDockerGrid" finished-at="2024-04-01T22:10:38 CDT" duration-ms="15059" status="PASS">
          <reporter-output>
          </reporter-output>
        </test-method> <!-- startDockerGrid -->
        <test-method is-config="true" signature="stopDockerGrid()[pri:0, instance:grid.Setup_DockerGrid@5a08b084]" started-at="2024-04-01T22:10:48 CDT" name="stopDockerGrid" finished-at="2024-04-01T22:11:04 CDT" duration-ms="15054" status="PASS">
          <reporter-output>
          </reporter-output>
        </test-method> <!-- stopDockerGrid -->
      </class> <!-- grid.Setup_DockerGrid -->
      <class name="grid.DockerChrome1">
        <test-method signature="test1()[pri:0, instance:grid.DockerChrome1@6b5ab2f2]" started-at="2024-04-01T22:10:38 CDT" name="test1" finished-at="2024-04-01T22:10:44 CDT" duration-ms="5161" status="PASS">
          <reporter-output>
          </reporter-output>
        </test-method> <!-- test1 -->
      </class> <!-- grid.DockerChrome1 -->
      <class name="grid.DockerChrome2">
        <test-method signature="test1()[pri:0, instance:grid.DockerChrome2@6909f6be]" started-at="2024-04-01T22:10:38 CDT" name="test1" finished-at="2024-04-01T22:10:46 CDT" duration-ms="8058" status="PASS">
          <reporter-output>
          </reporter-output>
        </test-method> <!-- test1 -->
      </class> <!-- grid.DockerChrome2 -->
      <class name="grid.DockerFirefox">
        <test-method signature="test1()[pri:0, instance:grid.DockerFirefox@315c081]" started-at="2024-04-01T22:10:38 CDT" name="test1" finished-at="2024-04-01T22:10:48 CDT" duration-ms="10020" status="PASS">
          <reporter-output>
          </reporter-output>
        </test-method> <!-- test1 -->
      </class> <!-- grid.DockerFirefox -->
    </test> <!-- Test -->
  </suite> <!-- Suite -->
</testng-results>
