<?xml version="1.0" encoding="UTF-8"?>
<testsuite xmlns:xsi="http://www.w3.org/2001/XMLSchema-instance" xsi:noNamespaceSchemaLocation="https://maven.apache.org/surefire/maven-surefire-plugin/xsd/surefire-test-report.xsd" name="TestSuite" time="40.866" tests="3" errors="0" skipped="0" failures="0">
  <properties>
[...]
</properties>
  <testcase name="test1" classname="grid.DockerChrome1" time="5.162"/>
  <testcase name="test1" classname="grid.DockerChrome2" time="8.056"/>
  <testcase name="test1" classname="grid.DockerFirefox" time="10.018"/>
</testsuite>